<?xml version="1.0" encoding="UTF-8"?>
<testsuite name="kz.topmail.metrika.figues.EqualsTests" tests="1" skipped="0" failures="0" errors="0" timestamp="2024-12-10T08:19:46" hostname="LAPTOP-PLD859MH" time="0.032">
  <properties/>
  <testcase name="checkTriangleEquality()" classname="kz.topmail.metrika.figues.EqualsTests" time="0.032"/>
  <system-out><![CDATA[]]></system-out>
  <system-err><![CDATA[]]></system-err>
</testsuite>
